f:\study\cntt\c++\ttkt\minigamestarter\freetype\objs\vc2019\win32\freetype.pdb
f:\study\cntt\c++\ttkt\minigamestarter\freetype\objs\vc2019\win32\debug\ftdebug.obj
f:\study\cntt\c++\ttkt\minigamestarter\freetype\objs\vc2019\win32\debug\ftinit.obj
f:\study\cntt\c++\ttkt\minigamestarter\freetype\objs\vc2019\win32\debug\ftlcdfil.obj
f:\study\cntt\c++\ttkt\minigamestarter\freetype\objs\vc2019\win32\debug\type1cid.obj
f:\study\cntt\c++\ttkt\minigamestarter\freetype\objs\vc2019\win32\debug\ftgzip.obj
f:\study\cntt\c++\ttkt\minigamestarter\freetype\objs\vc2019\win32\debug\ftpfr.obj
f:\study\cntt\c++\ttkt\minigamestarter\freetype\objs\vc2019\win32\debug\pcf.obj
f:\study\cntt\c++\ttkt\minigamestarter\freetype\objs\vc2019\win32\debug\type42.obj
f:\study\cntt\c++\ttkt\minigamestarter\freetype\objs\vc2019\win32\debug\ftfstype.obj
f:\study\cntt\c++\ttkt\minigamestarter\freetype\objs\vc2019\win32\debug\ftsynth.obj
f:\study\cntt\c++\ttkt\minigamestarter\freetype\objs\vc2019\win32\debug\psaux.obj
f:\study\cntt\c++\ttkt\minigamestarter\freetype\objs\vc2019\win32\debug\bdf.obj
f:\study\cntt\c++\ttkt\minigamestarter\freetype\objs\vc2019\win32\debug\ftmm.obj
f:\study\cntt\c++\ttkt\minigamestarter\freetype\objs\vc2019\win32\debug\psmodule.obj
f:\study\cntt\c++\ttkt\minigamestarter\freetype\objs\vc2019\win32\debug\ftbitmap.obj
f:\study\cntt\c++\ttkt\minigamestarter\freetype\objs\vc2019\win32\debug\ftbbox.obj
f:\study\cntt\c++\ttkt\minigamestarter\freetype\objs\vc2019\win32\debug\ftpatent.obj
f:\study\cntt\c++\ttkt\minigamestarter\freetype\objs\vc2019\win32\debug\winfnt.obj
f:\study\cntt\c++\ttkt\minigamestarter\freetype\objs\vc2019\win32\debug\ftlzw.obj
f:\study\cntt\c++\ttkt\minigamestarter\freetype\objs\vc2019\win32\debug\ftsystem.obj
f:\study\cntt\c++\ttkt\minigamestarter\freetype\objs\vc2019\win32\debug\ftotval.obj
f:\study\cntt\c++\ttkt\minigamestarter\freetype\objs\vc2019\win32\debug\ftglyph.obj
f:\study\cntt\c++\ttkt\minigamestarter\freetype\objs\vc2019\win32\debug\ftstroke.obj
f:\study\cntt\c++\ttkt\minigamestarter\freetype\objs\vc2019\win32\debug\pfr.obj
f:\study\cntt\c++\ttkt\minigamestarter\freetype\objs\vc2019\win32\debug\ftbase.obj
f:\study\cntt\c++\ttkt\minigamestarter\freetype\objs\vc2019\win32\debug\fttype1.obj
f:\study\cntt\c++\ttkt\minigamestarter\freetype\objs\vc2019\win32\debug\sfnt.obj
f:\study\cntt\c++\ttkt\minigamestarter\freetype\objs\vc2019\win32\debug\ftgasp.obj
f:\study\cntt\c++\ttkt\minigamestarter\freetype\objs\vc2019\win32\debug\smooth.obj
f:\study\cntt\c++\ttkt\minigamestarter\freetype\objs\vc2019\win32\debug\raster.obj
f:\study\cntt\c++\ttkt\minigamestarter\freetype\objs\vc2019\win32\debug\ftcache.obj
f:\study\cntt\c++\ttkt\minigamestarter\freetype\objs\vc2019\win32\debug\ftwinfnt.obj
f:\study\cntt\c++\ttkt\minigamestarter\freetype\objs\vc2019\win32\debug\truetype.obj
f:\study\cntt\c++\ttkt\minigamestarter\freetype\objs\vc2019\win32\debug\autofit.obj
f:\study\cntt\c++\ttkt\minigamestarter\freetype\objs\vc2019\win32\debug\ftxf86.obj
f:\study\cntt\c++\ttkt\minigamestarter\freetype\objs\vc2019\win32\debug\pshinter.obj
f:\study\cntt\c++\ttkt\minigamestarter\freetype\objs\vc2019\win32\debug\cff.obj
f:\study\cntt\c++\ttkt\minigamestarter\freetype\objs\vc2019\win32\debug\ftgxval.obj
f:\study\cntt\c++\ttkt\minigamestarter\freetype\objs\vc2019\win32\debug\type1.obj
f:\study\cntt\c++\ttkt\minigamestarter\freetype\objs\vc2019\win32\freetype.lib
f:\study\cntt\c++\ttkt\minigamestarter\freetype\objs\vc2019\win32\debug\freetype.tlog\cl.command.1.tlog
f:\study\cntt\c++\ttkt\minigamestarter\freetype\objs\vc2019\win32\debug\freetype.tlog\cl.read.1.tlog
f:\study\cntt\c++\ttkt\minigamestarter\freetype\objs\vc2019\win32\debug\freetype.tlog\cl.write.1.tlog
f:\study\cntt\c++\ttkt\minigamestarter\freetype\objs\vc2019\win32\debug\freetype.tlog\lib-link.read.1.tlog
f:\study\cntt\c++\ttkt\minigamestarter\freetype\objs\vc2019\win32\debug\freetype.tlog\lib-link.write.1.tlog
f:\study\cntt\c++\ttkt\minigamestarter\freetype\objs\vc2019\win32\debug\freetype.tlog\lib.command.1.tlog
