f:\study\cntt\c++\ttkt\minigamestarter\trainingframework\debug-nvidia\vc143.pdb
f:\study\cntt\c++\ttkt\minigamestarter\trainingframework\debug-nvidia\vc143.idb
f:\study\cntt\c++\ttkt\minigamestarter\trainingframework\debug-nvidia\trainingframework.obj
f:\study\cntt\c++\ttkt\minigamestarter\trainingframework\debug-nvidia\gsplay.obj
f:\study\cntt\c++\ttkt\minigamestarter\trainingframework\debug-nvidia\gsmenu.obj
f:\study\cntt\c++\ttkt\minigamestarter\trainingframework\debug-nvidia\gsintro.obj
f:\study\cntt\c++\ttkt\minigamestarter\trainingframework\debug-nvidia\gamestatemachine.obj
f:\study\cntt\c++\ttkt\minigamestarter\trainingframework\debug-nvidia\gamestatebase.obj
f:\study\cntt\c++\ttkt\minigamestarter\trainingframework\debug-nvidia\texture.obj
f:\study\cntt\c++\ttkt\minigamestarter\trainingframework\debug-nvidia\text.obj
f:\study\cntt\c++\ttkt\minigamestarter\trainingframework\debug-nvidia\spriteanimation.obj
f:\study\cntt\c++\ttkt\minigamestarter\trainingframework\debug-nvidia\shader.obj
f:\study\cntt\c++\ttkt\minigamestarter\trainingframework\debug-nvidia\model.obj
f:\study\cntt\c++\ttkt\minigamestarter\trainingframework\debug-nvidia\sprite3d.obj
f:\study\cntt\c++\ttkt\minigamestarter\trainingframework\debug-nvidia\camera.obj
f:\study\cntt\c++\ttkt\minigamestarter\trainingframework\debug-nvidia\sprite2d.obj
f:\study\cntt\c++\ttkt\minigamestarter\trainingframework\debug-nvidia\gamebutton.obj
f:\study\cntt\c++\ttkt\minigamestarter\trainingframework\debug-nvidia\font.obj
f:\study\cntt\c++\ttkt\minigamestarter\trainingframework\debug-nvidia\resourcemanagers.obj
f:\study\cntt\c++\ttkt\minigamestarter\trainingframework\debug-nvidia\application.obj
f:\study\cntt\c++\ttkt\minigamestarter\trainingframework\debug-nvidia\trainingframework.ilk
f:\study\cntt\c++\ttkt\minigamestarter\bin-nvidia\trainingframework.exe
f:\study\cntt\c++\ttkt\minigamestarter\bin-nvidia\trainingframework.pdb
f:\study\cntt\c++\ttkt\minigamestarter\\bin-nvidia\trainingframework.pdb
f:\study\cntt\c++\ttkt\minigamestarter\trainingframework\debug-nvidia\training.fc024ec8.tlog\cl.command.1.tlog
f:\study\cntt\c++\ttkt\minigamestarter\trainingframework\debug-nvidia\training.fc024ec8.tlog\cl.read.1.tlog
f:\study\cntt\c++\ttkt\minigamestarter\trainingframework\debug-nvidia\training.fc024ec8.tlog\cl.write.1.tlog
f:\study\cntt\c++\ttkt\minigamestarter\trainingframework\debug-nvidia\training.fc024ec8.tlog\link.command.1.tlog
f:\study\cntt\c++\ttkt\minigamestarter\trainingframework\debug-nvidia\training.fc024ec8.tlog\link.read.1.tlog
f:\study\cntt\c++\ttkt\minigamestarter\trainingframework\debug-nvidia\training.fc024ec8.tlog\link.write.1.tlog
